1749460531.581179 execve("./hello", ["./hello"], 0x7ffc3ab27f68 /* 53 vars */) = 0 <0.000437>
1749460531.581977 brk(NULL)             = 0x569000 <0.000017>
1749460531.582095 mmap(NULL, 8192, PROT_READ|PROT_WRITE, MAP_PRIVATE|MAP_ANONYMOUS, -1, 0) = 0x7fdc79573000 <0.000020>
1749460531.582199 access("/etc/ld.so.preload", R_OK) = -1 ENOENT (No such file or directory) <0.000022>
1749460531.582305 openat(AT_FDCWD, "/usr/local/cuda-11.6/lib64/tls/haswell/avx512_1/x86_64/libc.so.6", O_RDONLY|O_CLOEXEC) = -1 ENOENT (No such file or directory) <0.000022>
1749460531.582382 stat("/usr/local/cuda-11.6/lib64/tls/haswell/avx512_1/x86_64", 0x7ffd82f9c320) = -1 ENOENT (No such file or directory) <0.000019>
1749460531.582462 openat(AT_FDCWD, "/usr/local/cuda-11.6/lib64/tls/haswell/avx512_1/libc.so.6", O_RDONLY|O_CLOEXEC) = -1 ENOENT (No such file or directory) <0.000019>
1749460531.582524 stat("/usr/local/cuda-11.6/lib64/tls/haswell/avx512_1", 0x7ffd82f9c320) = -1 ENOENT (No such file or directory) <0.000018>
1749460531.582586 openat(AT_FDCWD, "/usr/local/cuda-11.6/lib64/tls/haswell/x86_64/libc.so.6", O_RDONLY|O_CLOEXEC) = -1 ENOENT (No such file or directory) <0.000019>
1749460531.582648 stat("/usr/local/cuda-11.6/lib64/tls/haswell/x86_64", 0x7ffd82f9c320) = -1 ENOENT (No such file or directory) <0.000018>
1749460531.582708 openat(AT_FDCWD, "/usr/local/cuda-11.6/lib64/tls/haswell/libc.so.6", O_RDONLY|O_CLOEXEC) = -1 ENOENT (No such file or directory) <0.000018>
1749460531.582768 stat("/usr/local/cuda-11.6/lib64/tls/haswell", 0x7ffd82f9c320) = -1 ENOENT (No such file or directory) <0.000018>
1749460531.582829 openat(AT_FDCWD, "/usr/local/cuda-11.6/lib64/tls/avx512_1/x86_64/libc.so.6", O_RDONLY|O_CLOEXEC) = -1 ENOENT (No such file or directory) <0.000019>
1749460531.582889 stat("/usr/local/cuda-11.6/lib64/tls/avx512_1/x86_64", 0x7ffd82f9c320) = -1 ENOENT (No such file or directory) <0.000018>
1749460531.582949 openat(AT_FDCWD, "/usr/local/cuda-11.6/lib64/tls/avx512_1/libc.so.6", O_RDONLY|O_CLOEXEC) = -1 ENOENT (No such file or directory) <0.000018>
1749460531.583010 stat("/usr/local/cuda-11.6/lib64/tls/avx512_1", 0x7ffd82f9c320) = -1 ENOENT (No such file or directory) <0.000018>
1749460531.583070 openat(AT_FDCWD, "/usr/local/cuda-11.6/lib64/tls/x86_64/libc.so.6", O_RDONLY|O_CLOEXEC) = -1 ENOENT (No such file or directory) <0.000019>
1749460531.583145 stat("/usr/local/cuda-11.6/lib64/tls/x86_64", 0x7ffd82f9c320) = -1 ENOENT (No such file or directory) <0.000018>
1749460531.583205 openat(AT_FDCWD, "/usr/local/cuda-11.6/lib64/tls/libc.so.6", O_RDONLY|O_CLOEXEC) = -1 ENOENT (No such file or directory) <0.000018>
1749460531.583266 stat("/usr/local/cuda-11.6/lib64/tls", 0x7ffd82f9c320) = -1 ENOENT (No such file or directory) <0.000018>
1749460531.583326 openat(AT_FDCWD, "/usr/local/cuda-11.6/lib64/haswell/avx512_1/x86_64/libc.so.6", O_RDONLY|O_CLOEXEC) = -1 ENOENT (No such file or directory) <0.000019>
1749460531.583388 stat("/usr/local/cuda-11.6/lib64/haswell/avx512_1/x86_64", 0x7ffd82f9c320) = -1 ENOENT (No such file or directory) <0.000018>
1749460531.583448 openat(AT_FDCWD, "/usr/local/cuda-11.6/lib64/haswell/avx512_1/libc.so.6", O_RDONLY|O_CLOEXEC) = -1 ENOENT (No such file or directory) <0.000019>
1749460531.583509 stat("/usr/local/cuda-11.6/lib64/haswell/avx512_1", 0x7ffd82f9c320) = -1 ENOENT (No such file or directory) <0.000018>
1749460531.583570 openat(AT_FDCWD, "/usr/local/cuda-11.6/lib64/haswell/x86_64/libc.so.6", O_RDONLY|O_CLOEXEC) = -1 ENOENT (No such file or directory) <0.000019>
1749460531.583632 stat("/usr/local/cuda-11.6/lib64/haswell/x86_64", 0x7ffd82f9c320) = -1 ENOENT (No such file or directory) <0.000018>
1749460531.583694 openat(AT_FDCWD, "/usr/local/cuda-11.6/lib64/haswell/libc.so.6", O_RDONLY|O_CLOEXEC) = -1 ENOENT (No such file or directory) <0.000018>
1749460531.583756 stat("/usr/local/cuda-11.6/lib64/haswell", 0x7ffd82f9c320) = -1 ENOENT (No such file or directory) <0.000018>
1749460531.583815 openat(AT_FDCWD, "/usr/local/cuda-11.6/lib64/avx512_1/x86_64/libc.so.6", O_RDONLY|O_CLOEXEC) = -1 ENOENT (No such file or directory) <0.000019>
1749460531.583885 stat("/usr/local/cuda-11.6/lib64/avx512_1/x86_64", 0x7ffd82f9c320) = -1 ENOENT (No such file or directory) <0.000018>
1749460531.583945 openat(AT_FDCWD, "/usr/local/cuda-11.6/lib64/avx512_1/libc.so.6", O_RDONLY|O_CLOEXEC) = -1 ENOENT (No such file or directory) <0.000018>
1749460531.584006 stat("/usr/local/cuda-11.6/lib64/avx512_1", 0x7ffd82f9c320) = -1 ENOENT (No such file or directory) <0.000018>
1749460531.584066 openat(AT_FDCWD, "/usr/local/cuda-11.6/lib64/x86_64/libc.so.6", O_RDONLY|O_CLOEXEC) = -1 ENOENT (No such file or directory) <0.000019>
1749460531.584144 stat("/usr/local/cuda-11.6/lib64/x86_64", 0x7ffd82f9c320) = -1 ENOENT (No such file or directory) <0.000019>
1749460531.584207 openat(AT_FDCWD, "/usr/local/cuda-11.6/lib64/libc.so.6", O_RDONLY|O_CLOEXEC) = -1 ENOENT (No such file or directory) <0.000018>
1749460531.584268 stat("/usr/local/cuda-11.6/lib64", 0x7ffd82f9c320) = -1 ENOENT (No such file or directory) <0.000018>
1749460531.584328 openat(AT_FDCWD, "tls/haswell/avx512_1/x86_64/libc.so.6", O_RDONLY|O_CLOEXEC) = -1 ENOENT (No such file or directory) <0.000019>
1749460531.584389 openat(AT_FDCWD, "tls/haswell/avx512_1/libc.so.6", O_RDONLY|O_CLOEXEC) = -1 ENOENT (No such file or directory) <0.000018>
1749460531.584449 openat(AT_FDCWD, "tls/haswell/x86_64/libc.so.6", O_RDONLY|O_CLOEXEC) = -1 ENOENT (No such file or directory) <0.000020>
1749460531.584512 openat(AT_FDCWD, "tls/haswell/libc.so.6", O_RDONLY|O_CLOEXEC) = -1 ENOENT (No such file or directory) <0.000018>
1749460531.584571 openat(AT_FDCWD, "tls/avx512_1/x86_64/libc.so.6", O_RDONLY|O_CLOEXEC) = -1 ENOENT (No such file or directory) <0.000018>
1749460531.584631 openat(AT_FDCWD, "tls/avx512_1/libc.so.6", O_RDONLY|O_CLOEXEC) = -1 ENOENT (No such file or directory) <0.000018>
1749460531.584691 openat(AT_FDCWD, "tls/x86_64/libc.so.6", O_RDONLY|O_CLOEXEC) = -1 ENOENT (No such file or directory) <0.000018>
1749460531.584750 openat(AT_FDCWD, "tls/libc.so.6", O_RDONLY|O_CLOEXEC) = -1 ENOENT (No such file or directory) <0.000018>
1749460531.584810 openat(AT_FDCWD, "haswell/avx512_1/x86_64/libc.so.6", O_RDONLY|O_CLOEXEC) = -1 ENOENT (No such file or directory) <0.000018>
1749460531.584871 openat(AT_FDCWD, "haswell/avx512_1/libc.so.6", O_RDONLY|O_CLOEXEC) = -1 ENOENT (No such file or directory) <0.000018>
1749460531.584931 openat(AT_FDCWD, "haswell/x86_64/libc.so.6", O_RDONLY|O_CLOEXEC) = -1 ENOENT (No such file or directory) <0.000018>
1749460531.584991 openat(AT_FDCWD, "haswell/libc.so.6", O_RDONLY|O_CLOEXEC) = -1 ENOENT (No such file or directory) <0.000018>
1749460531.585052 openat(AT_FDCWD, "avx512_1/x86_64/libc.so.6", O_RDONLY|O_CLOEXEC) = -1 ENOENT (No such file or directory) <0.000031>
1749460531.585127 openat(AT_FDCWD, "avx512_1/libc.so.6", O_RDONLY|O_CLOEXEC) = -1 ENOENT (No such file or directory) <0.000019>
1749460531.585189 openat(AT_FDCWD, "x86_64/libc.so.6", O_RDONLY|O_CLOEXEC) = -1 ENOENT (No such file or directory) <0.000018>
1749460531.585248 openat(AT_FDCWD, "libc.so.6", O_RDONLY|O_CLOEXEC) = -1 ENOENT (No such file or directory) <0.000018>
1749460531.585308 openat(AT_FDCWD, "/usr/local/cuda-11.7/lib64/tls/haswell/avx512_1/x86_64/libc.so.6", O_RDONLY|O_CLOEXEC) = -1 ENOENT (No such file or directory) <0.000019>
1749460531.585370 stat("/usr/local/cuda-11.7/lib64/tls/haswell/avx512_1/x86_64", 0x7ffd82f9c320) = -1 ENOENT (No such file or directory) <0.000018>
1749460531.585430 openat(AT_FDCWD, "/usr/local/cuda-11.7/lib64/tls/haswell/avx512_1/libc.so.6", O_RDONLY|O_CLOEXEC) = -1 ENOENT (No such file or directory) <0.000019>
1749460531.585493 stat("/usr/local/cuda-11.7/lib64/tls/haswell/avx512_1", 0x7ffd82f9c320) = -1 ENOENT (No such file or directory) <0.000018>
1749460531.585553 openat(AT_FDCWD, "/usr/local/cuda-11.7/lib64/tls/haswell/x86_64/libc.so.6", O_RDONLY|O_CLOEXEC) = -1 ENOENT (No such file or directory) <0.000018>
1749460531.585613 stat("/usr/local/cuda-11.7/lib64/tls/haswell/x86_64", 0x7ffd82f9c320) = -1 ENOENT (No such file or directory) <0.000018>
1749460531.585673 openat(AT_FDCWD, "/usr/local/cuda-11.7/lib64/tls/haswell/libc.so.6", O_RDONLY|O_CLOEXEC) = -1 ENOENT (No such file or directory) <0.000018>
1749460531.585742 stat("/usr/local/cuda-11.7/lib64/tls/haswell", 0x7ffd82f9c320) = -1 ENOENT (No such file or directory) <0.000018>
1749460531.585802 openat(AT_FDCWD, "/usr/local/cuda-11.7/lib64/tls/avx512_1/x86_64/libc.so.6", O_RDONLY|O_CLOEXEC) = -1 ENOENT (No such file or directory) <0.000018>
1749460531.585863 stat("/usr/local/cuda-11.7/lib64/tls/avx512_1/x86_64", 0x7ffd82f9c320) = -1 ENOENT (No such file or directory) <0.000018>
1749460531.585923 openat(AT_FDCWD, "/usr/local/cuda-11.7/lib64/tls/avx512_1/libc.so.6", O_RDONLY|O_CLOEXEC) = -1 ENOENT (No such file or directory) <0.000018>
1749460531.585984 stat("/usr/local/cuda-11.7/lib64/tls/avx512_1", 0x7ffd82f9c320) = -1 ENOENT (No such file or directory) <0.000018>
1749460531.586043 openat(AT_FDCWD, "/usr/local/cuda-11.7/lib64/tls/x86_64/libc.so.6", O_RDONLY|O_CLOEXEC) = -1 ENOENT (No such file or directory) <0.000018>
1749460531.586118 stat("/usr/local/cuda-11.7/lib64/tls/x86_64", 0x7ffd82f9c320) = -1 ENOENT (No such file or directory) <0.000017>
1749460531.586178 openat(AT_FDCWD, "/usr/local/cuda-11.7/lib64/tls/libc.so.6", O_RDONLY|O_CLOEXEC) = -1 ENOENT (No such file or directory) <0.000018>
1749460531.586238 stat("/usr/local/cuda-11.7/lib64/tls", 0x7ffd82f9c320) = -1 ENOENT (No such file or directory) <0.000018>
1749460531.586298 openat(AT_FDCWD, "/usr/local/cuda-11.7/lib64/haswell/avx512_1/x86_64/libc.so.6", O_RDONLY|O_CLOEXEC) = -1 ENOENT (No such file or directory) <0.000018>
1749460531.586358 stat("/usr/local/cuda-11.7/lib64/haswell/avx512_1/x86_64", 0x7ffd82f9c320) = -1 ENOENT (No such file or directory) <0.000017>
1749460531.586418 openat(AT_FDCWD, "/usr/local/cuda-11.7/lib64/haswell/avx512_1/libc.so.6", O_RDONLY|O_CLOEXEC) = -1 ENOENT (No such file or directory) <0.000018>
1749460531.586477 stat("/usr/local/cuda-11.7/lib64/haswell/avx512_1", 0x7ffd82f9c320) = -1 ENOENT (No such file or directory) <0.000017>
1749460531.586536 openat(AT_FDCWD, "/usr/local/cuda-11.7/lib64/haswell/x86_64/libc.so.6", O_RDONLY|O_CLOEXEC) = -1 ENOENT (No such file or directory) <0.000018>
1749460531.586597 stat("/usr/local/cuda-11.7/lib64/haswell/x86_64", 0x7ffd82f9c320) = -1 ENOENT (No such file or directory) <0.000017>
1749460531.586656 openat(AT_FDCWD, "/usr/local/cuda-11.7/lib64/haswell/libc.so.6", O_RDONLY|O_CLOEXEC) = -1 ENOENT (No such file or directory) <0.000018>
1749460531.586716 stat("/usr/local/cuda-11.7/lib64/haswell", 0x7ffd82f9c320) = -1 ENOENT (No such file or directory) <0.000018>
1749460531.586776 openat(AT_FDCWD, "/usr/local/cuda-11.7/lib64/avx512_1/x86_64/libc.so.6", O_RDONLY|O_CLOEXEC) = -1 ENOENT (No such file or directory) <0.000041>
1749460531.586862 stat("/usr/local/cuda-11.7/lib64/avx512_1/x86_64", 0x7ffd82f9c320) = -1 ENOENT (No such file or directory) <0.000019>
1749460531.586925 openat(AT_FDCWD, "/usr/local/cuda-11.7/lib64/avx512_1/libc.so.6", O_RDONLY|O_CLOEXEC) = -1 ENOENT (No such file or directory) <0.000019>
1749460531.586986 stat("/usr/local/cuda-11.7/lib64/avx512_1", 0x7ffd82f9c320) = -1 ENOENT (No such file or directory) <0.000019>
1749460531.587047 openat(AT_FDCWD, "/usr/local/cuda-11.7/lib64/x86_64/libc.so.6", O_RDONLY|O_CLOEXEC) = -1 ENOENT (No such file or directory) <0.000028>
1749460531.587121 stat("/usr/local/cuda-11.7/lib64/x86_64", 0x7ffd82f9c320) = -1 ENOENT (No such file or directory) <0.000018>
1749460531.587181 openat(AT_FDCWD, "/usr/local/cuda-11.7/lib64/libc.so.6", O_RDONLY|O_CLOEXEC) = -1 ENOENT (No such file or directory) <0.000018>
1749460531.587243 stat("/usr/local/cuda-11.7/lib64", 0x7ffd82f9c320) = -1 ENOENT (No such file or directory) <0.000018>
1749460531.587307 openat(AT_FDCWD, "/etc/ld.so.cache", O_RDONLY|O_CLOEXEC) = 3 <0.000022>
1749460531.587373 fstat(3, {st_mode=S_IFREG|0644, st_size=176233, ...}) = 0 <0.000018>
1749460531.587452 mmap(NULL, 176233, PROT_READ, MAP_PRIVATE, 3, 0) = 0x7fdc79547000 <0.000023>
1749460531.587516 close(3)              = 0 <0.000017>
1749460531.587594 openat(AT_FDCWD, "/lib64/libc.so.6", O_RDONLY|O_CLOEXEC) = 3 <0.000025>
1749460531.587668 read(3, "\177ELF\2\1\1\3\0\0\0\0\0\0\0\0\3\0>\0\1\0\0\0`5\2\0\0\0\0\0"..., 832) = 832 <0.000019>
1749460531.587743 fstat(3, {st_mode=S_IFREG|0755, st_size=18260720, ...}) = 0 <0.000018>
1749460531.587806 mmap(NULL, 3905568, PROT_READ|PROT_EXEC, MAP_PRIVATE|MAP_DENYWRITE, 3, 0) = 0x7fdc78f95000 <0.000022>
1749460531.587870 mprotect(0x7fdc79145000, 2097152, PROT_NONE) = 0 <0.000028>
1749460531.587937 mmap(0x7fdc79345000, 24576, PROT_READ|PROT_WRITE, MAP_PRIVATE|MAP_FIXED|MAP_DENYWRITE, 3, 0x1b0000) = 0x7fdc79345000 <0.000033>
1749460531.588019 mmap(0x7fdc7934b000, 14368, PROT_READ|PROT_WRITE, MAP_PRIVATE|MAP_FIXED|MAP_ANONYMOUS, -1, 0) = 0x7fdc7934b000 <0.000020>
1749460531.588096 close(3)              = 0 <0.000018>
1749460531.588177 arch_prctl(ARCH_SET_FS, 0x7fdc795745c0) = 0 <0.000017>
1749460531.588353 mprotect(0x7fdc79345000, 16384, PROT_READ) = 0 <0.000022>
1749460531.588419 mprotect(0x403000, 4096, PROT_READ) = 0 <0.000021>
1749460531.588483 mprotect(0x7fdc79575000, 4096, PROT_READ) = 0 <0.000023>
1749460531.588546 munmap(0x7fdc79547000, 176233) = 0 <0.000026>
1749460531.588667 fstat(1, {st_mode=S_IFCHR|0620, st_rdev=makedev(136, 10), ...}) = 0 <0.000018>
1749460531.588797 brk(NULL)             = 0x569000 <0.000017>
1749460531.588852 brk(0x58a000)         = 0x58a000 <0.000019>
1749460531.588919 write(1, "Hello World\n", 12) = 12 <0.000037>
1749460531.589008 exit_group(0)         = ?
1749460531.589148 +++ exited with 0 +++
