execve("./f_g1", ["./f_g1"], 0x7ffd0c6b3700 /* 54 vars */) = 0
brk(NULL)                               = 0x199b000
mmap(NULL, 8192, PROT_READ|PROT_WRITE, MAP_PRIVATE|MAP_ANONYMOUS, -1, 0) = 0x7f309a9f9000
access("/etc/ld.so.preload", R_OK)      = -1 ENOENT (No such file or directory)
openat(AT_FDCWD, "/usr/local/cuda-11.6/lib64/tls/haswell/avx512_1/x86_64/libc.so.6", O_RDONLY|O_CLOEXEC) = -1 ENOENT (No such file or directory)
stat("/usr/local/cuda-11.6/lib64/tls/haswell/avx512_1/x86_64", 0x7ffeb30000f0) = -1 ENOENT (No such file or directory)
openat(AT_FDCWD, "/usr/local/cuda-11.6/lib64/tls/haswell/avx512_1/libc.so.6", O_RDONLY|O_CLOEXEC) = -1 ENOENT (No such file or directory)
stat("/usr/local/cuda-11.6/lib64/tls/haswell/avx512_1", 0x7ffeb30000f0) = -1 ENOENT (No such file or directory)
openat(AT_FDCWD, "/usr/local/cuda-11.6/lib64/tls/haswell/x86_64/libc.so.6", O_RDONLY|O_CLOEXEC) = -1 ENOENT (No such file or directory)
stat("/usr/local/cuda-11.6/lib64/tls/haswell/x86_64", 0x7ffeb30000f0) = -1 ENOENT (No such file or directory)
openat(AT_FDCWD, "/usr/local/cuda-11.6/lib64/tls/haswell/libc.so.6", O_RDONLY|O_CLOEXEC) = -1 ENOENT (No such file or directory)
stat("/usr/local/cuda-11.6/lib64/tls/haswell", 0x7ffeb30000f0) = -1 ENOENT (No such file or directory)
openat(AT_FDCWD, "/usr/local/cuda-11.6/lib64/tls/avx512_1/x86_64/libc.so.6", O_RDONLY|O_CLOEXEC) = -1 ENOENT (No such file or directory)
stat("/usr/local/cuda-11.6/lib64/tls/avx512_1/x86_64", 0x7ffeb30000f0) = -1 ENOENT (No such file or directory)
openat(AT_FDCWD, "/usr/local/cuda-11.6/lib64/tls/avx512_1/libc.so.6", O_RDONLY|O_CLOEXEC) = -1 ENOENT (No such file or directory)
stat("/usr/local/cuda-11.6/lib64/tls/avx512_1", 0x7ffeb30000f0) = -1 ENOENT (No such file or directory)
openat(AT_FDCWD, "/usr/local/cuda-11.6/lib64/tls/x86_64/libc.so.6", O_RDONLY|O_CLOEXEC) = -1 ENOENT (No such file or directory)
stat("/usr/local/cuda-11.6/lib64/tls/x86_64", 0x7ffeb30000f0) = -1 ENOENT (No such file or directory)
openat(AT_FDCWD, "/usr/local/cuda-11.6/lib64/tls/libc.so.6", O_RDONLY|O_CLOEXEC) = -1 ENOENT (No such file or directory)
stat("/usr/local/cuda-11.6/lib64/tls", 0x7ffeb30000f0) = -1 ENOENT (No such file or directory)
openat(AT_FDCWD, "/usr/local/cuda-11.6/lib64/haswell/avx512_1/x86_64/libc.so.6", O_RDONLY|O_CLOEXEC) = -1 ENOENT (No such file or directory)
stat("/usr/local/cuda-11.6/lib64/haswell/avx512_1/x86_64", 0x7ffeb30000f0) = -1 ENOENT (No such file or directory)
openat(AT_FDCWD, "/usr/local/cuda-11.6/lib64/haswell/avx512_1/libc.so.6", O_RDONLY|O_CLOEXEC) = -1 ENOENT (No such file or directory)
stat("/usr/local/cuda-11.6/lib64/haswell/avx512_1", 0x7ffeb30000f0) = -1 ENOENT (No such file or directory)
openat(AT_FDCWD, "/usr/local/cuda-11.6/lib64/haswell/x86_64/libc.so.6", O_RDONLY|O_CLOEXEC) = -1 ENOENT (No such file or directory)
stat("/usr/local/cuda-11.6/lib64/haswell/x86_64", 0x7ffeb30000f0) = -1 ENOENT (No such file or directory)
openat(AT_FDCWD, "/usr/local/cuda-11.6/lib64/haswell/libc.so.6", O_RDONLY|O_CLOEXEC) = -1 ENOENT (No such file or directory)
stat("/usr/local/cuda-11.6/lib64/haswell", 0x7ffeb30000f0) = -1 ENOENT (No such file or directory)
openat(AT_FDCWD, "/usr/local/cuda-11.6/lib64/avx512_1/x86_64/libc.so.6", O_RDONLY|O_CLOEXEC) = -1 ENOENT (No such file or directory)
stat("/usr/local/cuda-11.6/lib64/avx512_1/x86_64", 0x7ffeb30000f0) = -1 ENOENT (No such file or directory)
openat(AT_FDCWD, "/usr/local/cuda-11.6/lib64/avx512_1/libc.so.6", O_RDONLY|O_CLOEXEC) = -1 ENOENT (No such file or directory)
stat("/usr/local/cuda-11.6/lib64/avx512_1", 0x7ffeb30000f0) = -1 ENOENT (No such file or directory)
openat(AT_FDCWD, "/usr/local/cuda-11.6/lib64/x86_64/libc.so.6", O_RDONLY|O_CLOEXEC) = -1 ENOENT (No such file or directory)
stat("/usr/local/cuda-11.6/lib64/x86_64", 0x7ffeb30000f0) = -1 ENOENT (No such file or directory)
openat(AT_FDCWD, "/usr/local/cuda-11.6/lib64/libc.so.6", O_RDONLY|O_CLOEXEC) = -1 ENOENT (No such file or directory)
stat("/usr/local/cuda-11.6/lib64", 0x7ffeb30000f0) = -1 ENOENT (No such file or directory)
openat(AT_FDCWD, "tls/haswell/avx512_1/x86_64/libc.so.6", O_RDONLY|O_CLOEXEC) = -1 ENOENT (No such file or directory)
openat(AT_FDCWD, "tls/haswell/avx512_1/libc.so.6", O_RDONLY|O_CLOEXEC) = -1 ENOENT (No such file or directory)
openat(AT_FDCWD, "tls/haswell/x86_64/libc.so.6", O_RDONLY|O_CLOEXEC) = -1 ENOENT (No such file or directory)
openat(AT_FDCWD, "tls/haswell/libc.so.6", O_RDONLY|O_CLOEXEC) = -1 ENOENT (No such file or directory)
openat(AT_FDCWD, "tls/avx512_1/x86_64/libc.so.6", O_RDONLY|O_CLOEXEC) = -1 ENOENT (No such file or directory)
openat(AT_FDCWD, "tls/avx512_1/libc.so.6", O_RDONLY|O_CLOEXEC) = -1 ENOENT (No such file or directory)
openat(AT_FDCWD, "tls/x86_64/libc.so.6", O_RDONLY|O_CLOEXEC) = -1 ENOENT (No such file or directory)
openat(AT_FDCWD, "tls/libc.so.6", O_RDONLY|O_CLOEXEC) = -1 ENOENT (No such file or directory)
openat(AT_FDCWD, "haswell/avx512_1/x86_64/libc.so.6", O_RDONLY|O_CLOEXEC) = -1 ENOENT (No such file or directory)
openat(AT_FDCWD, "haswell/avx512_1/libc.so.6", O_RDONLY|O_CLOEXEC) = -1 ENOENT (No such file or directory)
openat(AT_FDCWD, "haswell/x86_64/libc.so.6", O_RDONLY|O_CLOEXEC) = -1 ENOENT (No such file or directory)
openat(AT_FDCWD, "haswell/libc.so.6", O_RDONLY|O_CLOEXEC) = -1 ENOENT (No such file or directory)
openat(AT_FDCWD, "avx512_1/x86_64/libc.so.6", O_RDONLY|O_CLOEXEC) = -1 ENOENT (No such file or directory)
openat(AT_FDCWD, "avx512_1/libc.so.6", O_RDONLY|O_CLOEXEC) = -1 ENOENT (No such file or directory)
openat(AT_FDCWD, "x86_64/libc.so.6", O_RDONLY|O_CLOEXEC) = -1 ENOENT (No such file or directory)
openat(AT_FDCWD, "libc.so.6", O_RDONLY|O_CLOEXEC) = -1 ENOENT (No such file or directory)
openat(AT_FDCWD, "/usr/local/cuda-11.7/lib64/tls/haswell/avx512_1/x86_64/libc.so.6", O_RDONLY|O_CLOEXEC) = -1 ENOENT (No such file or directory)
stat("/usr/local/cuda-11.7/lib64/tls/haswell/avx512_1/x86_64", 0x7ffeb30000f0) = -1 ENOENT (No such file or directory)
openat(AT_FDCWD, "/usr/local/cuda-11.7/lib64/tls/haswell/avx512_1/libc.so.6", O_RDONLY|O_CLOEXEC) = -1 ENOENT (No such file or directory)
stat("/usr/local/cuda-11.7/lib64/tls/haswell/avx512_1", 0x7ffeb30000f0) = -1 ENOENT (No such file or directory)
openat(AT_FDCWD, "/usr/local/cuda-11.7/lib64/tls/haswell/x86_64/libc.so.6", O_RDONLY|O_CLOEXEC) = -1 ENOENT (No such file or directory)
stat("/usr/local/cuda-11.7/lib64/tls/haswell/x86_64", 0x7ffeb30000f0) = -1 ENOENT (No such file or directory)
openat(AT_FDCWD, "/usr/local/cuda-11.7/lib64/tls/haswell/libc.so.6", O_RDONLY|O_CLOEXEC) = -1 ENOENT (No such file or directory)
stat("/usr/local/cuda-11.7/lib64/tls/haswell", 0x7ffeb30000f0) = -1 ENOENT (No such file or directory)
openat(AT_FDCWD, "/usr/local/cuda-11.7/lib64/tls/avx512_1/x86_64/libc.so.6", O_RDONLY|O_CLOEXEC) = -1 ENOENT (No such file or directory)
stat("/usr/local/cuda-11.7/lib64/tls/avx512_1/x86_64", 0x7ffeb30000f0) = -1 ENOENT (No such file or directory)
openat(AT_FDCWD, "/usr/local/cuda-11.7/lib64/tls/avx512_1/libc.so.6", O_RDONLY|O_CLOEXEC) = -1 ENOENT (No such file or directory)
stat("/usr/local/cuda-11.7/lib64/tls/avx512_1", 0x7ffeb30000f0) = -1 ENOENT (No such file or directory)
openat(AT_FDCWD, "/usr/local/cuda-11.7/lib64/tls/x86_64/libc.so.6", O_RDONLY|O_CLOEXEC) = -1 ENOENT (No such file or directory)
stat("/usr/local/cuda-11.7/lib64/tls/x86_64", 0x7ffeb30000f0) = -1 ENOENT (No such file or directory)
openat(AT_FDCWD, "/usr/local/cuda-11.7/lib64/tls/libc.so.6", O_RDONLY|O_CLOEXEC) = -1 ENOENT (No such file or directory)
stat("/usr/local/cuda-11.7/lib64/tls", 0x7ffeb30000f0) = -1 ENOENT (No such file or directory)
openat(AT_FDCWD, "/usr/local/cuda-11.7/lib64/haswell/avx512_1/x86_64/libc.so.6", O_RDONLY|O_CLOEXEC) = -1 ENOENT (No such file or directory)
stat("/usr/local/cuda-11.7/lib64/haswell/avx512_1/x86_64", 0x7ffeb30000f0) = -1 ENOENT (No such file or directory)
openat(AT_FDCWD, "/usr/local/cuda-11.7/lib64/haswell/avx512_1/libc.so.6", O_RDONLY|O_CLOEXEC) = -1 ENOENT (No such file or directory)
stat("/usr/local/cuda-11.7/lib64/haswell/avx512_1", 0x7ffeb30000f0) = -1 ENOENT (No such file or directory)
openat(AT_FDCWD, "/usr/local/cuda-11.7/lib64/haswell/x86_64/libc.so.6", O_RDONLY|O_CLOEXEC) = -1 ENOENT (No such file or directory)
stat("/usr/local/cuda-11.7/lib64/haswell/x86_64", 0x7ffeb30000f0) = -1 ENOENT (No such file or directory)
openat(AT_FDCWD, "/usr/local/cuda-11.7/lib64/haswell/libc.so.6", O_RDONLY|O_CLOEXEC) = -1 ENOENT (No such file or directory)
stat("/usr/local/cuda-11.7/lib64/haswell", 0x7ffeb30000f0) = -1 ENOENT (No such file or directory)
openat(AT_FDCWD, "/usr/local/cuda-11.7/lib64/avx512_1/x86_64/libc.so.6", O_RDONLY|O_CLOEXEC) = -1 ENOENT (No such file or directory)
stat("/usr/local/cuda-11.7/lib64/avx512_1/x86_64", 0x7ffeb30000f0) = -1 ENOENT (No such file or directory)
openat(AT_FDCWD, "/usr/local/cuda-11.7/lib64/avx512_1/libc.so.6", O_RDONLY|O_CLOEXEC) = -1 ENOENT (No such file or directory)
stat("/usr/local/cuda-11.7/lib64/avx512_1", 0x7ffeb30000f0) = -1 ENOENT (No such file or directory)
openat(AT_FDCWD, "/usr/local/cuda-11.7/lib64/x86_64/libc.so.6", O_RDONLY|O_CLOEXEC) = -1 ENOENT (No such file or directory)
stat("/usr/local/cuda-11.7/lib64/x86_64", 0x7ffeb30000f0) = -1 ENOENT (No such file or directory)
openat(AT_FDCWD, "/usr/local/cuda-11.7/lib64/libc.so.6", O_RDONLY|O_CLOEXEC) = -1 ENOENT (No such file or directory)
stat("/usr/local/cuda-11.7/lib64", 0x7ffeb30000f0) = -1 ENOENT (No such file or directory)
openat(AT_FDCWD, "/etc/ld.so.cache", O_RDONLY|O_CLOEXEC) = 3
fstat(3, {st_mode=S_IFREG|0644, st_size=176233, ...}) = 0
mmap(NULL, 176233, PROT_READ, MAP_PRIVATE, 3, 0) = 0x7f309a9cd000
close(3)                                = 0
openat(AT_FDCWD, "/lib64/libc.so.6", O_RDONLY|O_CLOEXEC) = 3
read(3, "\177ELF\2\1\1\3\0\0\0\0\0\0\0\0\3\0>\0\1\0\0\0`5\2\0\0\0\0\0"..., 832) = 832
fstat(3, {st_mode=S_IFREG|0755, st_size=18260720, ...}) = 0
mmap(NULL, 3905568, PROT_READ|PROT_EXEC, MAP_PRIVATE|MAP_DENYWRITE, 3, 0) = 0x7f309a41b000
mprotect(0x7f309a5cb000, 2097152, PROT_NONE) = 0
mmap(0x7f309a7cb000, 24576, PROT_READ|PROT_WRITE, MAP_PRIVATE|MAP_FIXED|MAP_DENYWRITE, 3, 0x1b0000) = 0x7f309a7cb000
mmap(0x7f309a7d1000, 14368, PROT_READ|PROT_WRITE, MAP_PRIVATE|MAP_FIXED|MAP_ANONYMOUS, -1, 0) = 0x7f309a7d1000
close(3)                                = 0
arch_prctl(ARCH_SET_FS, 0x7f309a9fa5c0) = 0
mprotect(0x7f309a7cb000, 16384, PROT_READ) = 0
mprotect(0x403000, 4096, PROT_READ)     = 0
mprotect(0x7f309a9fb000, 4096, PROT_READ) = 0
munmap(0x7f309a9cd000, 176233)          = 0
fstat(1, {st_mode=S_IFCHR|0620, st_rdev=makedev(136, 10), ...}) = 0
brk(NULL)                               = 0x199b000
brk(0x19bc000)                          = 0x19bc000
write(1, "f(10) = 2207\n", 13)          = 13
write(1, "ff(10) = 2207\n", 14)         = 14
write(1, "g(10) = 9349\n", 13)          = 13
write(1, "gg(10) = 9349\n", 14)         = 14
exit_group(0)                           = ?
+++ exited with 0 +++
